INFO  02:58:26 Application started. Press Ctrl+C to shut down.
INFO  02:58:26 Hosting environment: Development
INFO  02:58:26 Content root path: C:\Users\somu\source\repos\ConsumerMicroservice\ConsumerMicroservice
INFO  02:58:45 ViewConsumerBusiness Method Called
INFO  03:06:46 Application started. Press Ctrl+C to shut down.
INFO  03:06:46 Hosting environment: Development
INFO  03:06:46 Content root path: C:\Users\somu\source\repos\ConsumerMicroservice\ConsumerMicroservice
INFO  03:07:01 ViewConsumerBusiness Method Called
INFO  03:15:31 Application started. Press Ctrl+C to shut down.
INFO  03:15:31 Hosting environment: Development
INFO  03:15:31 Content root path: C:\Users\somu\source\repos\ConsumerMicroservice\ConsumerMicroservice
INFO  03:15:55 CreateConsumerBusiness Method Called
INFO  05:00:31 Application started. Press Ctrl+C to shut down.
INFO  05:00:31 Hosting environment: Development
INFO  05:00:31 Content root path: C:\Users\somu\source\repos\ConsumerMicroservice\ConsumerMicroservice
INFO  05:05:45 Application started. Press Ctrl+C to shut down.
INFO  05:05:45 Hosting environment: Development
INFO  05:05:45 Content root path: C:\Users\somu\source\repos\ConsumerMicroservice\ConsumerMicroservice
INFO  05:06:04 Application started. Press Ctrl+C to shut down.
INFO  05:06:04 Hosting environment: Development
INFO  05:06:04 Content root path: C:\Users\somu\source\repos\ConsumerMicroservice\ConsumerMicroservice
INFO  05:06:54 CreateConsumerBusiness Method Called
INFO  05:06:54 Post : ConsumerBusiness created
INFO  05:07:08 ViewConsumerBusiness Method Called
INFO  05:07:08 Get ConsumerBusiness by CustomerId 
INFO  05:07:55 UpdateConsumerBusiness Method Called
INFO  05:07:55 Put : ConsumerBusiness Updated
INFO  05:07:58 ViewConsumerBusiness Method Called
INFO  05:07:58 Get ConsumerBusiness by CustomerId 
INFO  05:08:50 CreateBusinessProperty Method Called
INFO  05:08:50 Post : BusinessProperty created
INFO  05:09:08 ViewConsumerProperty Method Called
INFO  05:09:08 Get ConsumerProperty by CustomerId and PropertyId 
INFO  05:09:16 ViewConsumerProperty Method Called
INFO  05:09:16 Get ConsumerProperty by CustomerId and PropertyId 
INFO  05:10:19 UpdateBusinessProperty Method Called
INFO  05:10:19 Put : BusinessProperty Updated
INFO  05:10:25 ViewConsumerProperty Method Called
INFO  05:10:25 Get ConsumerProperty by CustomerId and PropertyId 
INFO  05:10:39 ViewConsumerProperty Method Called
INFO  05:10:39 Get ConsumerProperty by CustomerId and PropertyId 
INFO  11:23:17 Application started. Press Ctrl+C to shut down.
INFO  11:23:17 Hosting environment: Development
INFO  11:23:17 Content root path: C:\Users\910340\Downloads\ConsumerMicroservice\ConsumerMicroservice\ConsumerMicroservice
INFO  07:03:43 Application started. Press Ctrl+C to shut down.
INFO  07:03:43 Hosting environment: Development
INFO  07:03:43 Content root path: C:\Stage -3 and 4\Policy-Administration-System\ConsumerMicroservice\ConsumerMicroservice\ConsumerMicroservice
INFO  07:05:27 CreateConsumerBusiness Method Called
INFO  07:05:27 Post : ConsumerBusiness created
INFO  07:08:07 UpdateConsumerBusiness Method Called
INFO  07:10:12 Application started. Press Ctrl+C to shut down.
INFO  07:10:12 Hosting environment: Development
INFO  07:10:12 Content root path: C:\Stage -3 and 4\Policy-Administration-System\ConsumerMicroservice\ConsumerMicroservice\ConsumerMicroservice
INFO  07:10:12 UpdateConsumerBusiness Method Called
INFO  07:13:47 Application started. Press Ctrl+C to shut down.
INFO  07:13:47 Hosting environment: Development
INFO  07:13:47 Content root path: C:\Stage -3 and 4\Policy-Administration-System\ConsumerMicroservice\ConsumerMicroservice\ConsumerMicroservice
INFO  07:13:47 ViewConsumerBusiness Method Called
INFO  07:14:13 ViewConsumerProperty Method Called
ERROR 07:14:14 An unhandled exception has occurred while executing the request.
System.NullReferenceException: Object reference not set to an instance of an object.
   at ConsumerMicroservice.Repository.ConsumerRepository.ViewConsumerProperty(String ConsumerId, String PropertyId) in C:\Stage -3 and 4\Policy-Administration-System\ConsumerMicroservice\ConsumerMicroservice\ConsumerMicroservice\Repository\ConsumerRepository.cs:line 144
   at ConsumerMicroservice.Service.ConsumerService.ViewConsumerProperty(String ConsumerId, String PropertyId) in C:\Stage -3 and 4\Policy-Administration-System\ConsumerMicroservice\ConsumerMicroservice\ConsumerMicroservice\Service\ConsumerService.cs:line 61
   at ConsumerMicroservice.Controllers.ConsumerController.ViewConsumerProperty(String ConsumerId, String PropertyId) in C:\Stage -3 and 4\Policy-Administration-System\ConsumerMicroservice\ConsumerMicroservice\ConsumerMicroservice\Controllers\ConsumerController.cs:line 87
   at lambda_method(Closure , Object , Object[] )
   at Microsoft.Extensions.Internal.ObjectMethodExecutor.Execute(Object target, Object[] parameters)
   at Microsoft.AspNetCore.Mvc.Infrastructure.ActionMethodExecutor.SyncActionResultExecutor.Execute(IActionResultTypeMapper mapper, ObjectMethodExecutor executor, Object controller, Object[] arguments)
   at Microsoft.AspNetCore.Mvc.Infrastructure.ControllerActionInvoker.InvokeActionMethodAsync()
   at Microsoft.AspNetCore.Mvc.Infrastructure.ControllerActionInvoker.Next(State& next, Scope& scope, Object& state, Boolean& isCompleted)
   at Microsoft.AspNetCore.Mvc.Infrastructure.ControllerActionInvoker.InvokeNextActionFilterAsync()
--- End of stack trace from previous location where exception was thrown ---
   at Microsoft.AspNetCore.Mvc.Infrastructure.ControllerActionInvoker.Rethrow(ActionExecutedContextSealed context)
   at Microsoft.AspNetCore.Mvc.Infrastructure.ControllerActionInvoker.Next(State& next, Scope& scope, Object& state, Boolean& isCompleted)
   at Microsoft.AspNetCore.Mvc.Infrastructure.ControllerActionInvoker.InvokeInnerFilterAsync()
--- End of stack trace from previous location where exception was thrown ---
   at Microsoft.AspNetCore.Mvc.Infrastructure.ResourceInvoker.<InvokeFilterPipelineAsync>g__Awaited|19_0(ResourceInvoker invoker, Task lastTask, State next, Scope scope, Object state, Boolean isCompleted)
   at Microsoft.AspNetCore.Mvc.Infrastructure.ResourceInvoker.<InvokeAsync>g__Awaited|17_0(ResourceInvoker invoker, Task task, IDisposable scope)
   at Microsoft.AspNetCore.Routing.EndpointMiddleware.<Invoke>g__AwaitRequestTask|6_0(Endpoint endpoint, Task requestTask, ILogger logger)
   at Microsoft.AspNetCore.Authorization.AuthorizationMiddleware.Invoke(HttpContext context)
   at Swashbuckle.AspNetCore.SwaggerUI.SwaggerUIMiddleware.Invoke(HttpContext httpContext)
   at Swashbuckle.AspNetCore.Swagger.SwaggerMiddleware.Invoke(HttpContext httpContext, ISwaggerProvider swaggerProvider)
   at Microsoft.AspNetCore.Diagnostics.DeveloperExceptionPageMiddleware.Invoke(HttpContext context)
INFO  07:20:42 Application started. Press Ctrl+C to shut down.
INFO  07:20:42 Hosting environment: Development
INFO  07:20:42 Content root path: C:\Stage -3 and 4\Policy-Administration-System\ConsumerMicroservice\ConsumerMicroservice\ConsumerMicroservice
INFO  07:20:42 ViewConsumerProperty Method Called
ERROR 07:20:43 An unhandled exception has occurred while executing the request.
System.NullReferenceException: Object reference not set to an instance of an object.
   at ConsumerMicroservice.Repository.ConsumerRepository.ViewConsumerProperty(String ConsumerId, String PropertyId) in C:\Stage -3 and 4\Policy-Administration-System\ConsumerMicroservice\ConsumerMicroservice\ConsumerMicroservice\Repository\ConsumerRepository.cs:line 144
   at ConsumerMicroservice.Service.ConsumerService.ViewConsumerProperty(String ConsumerId, String PropertyId) in C:\Stage -3 and 4\Policy-Administration-System\ConsumerMicroservice\ConsumerMicroservice\ConsumerMicroservice\Service\ConsumerService.cs:line 61
   at ConsumerMicroservice.Controllers.ConsumerController.ViewConsumerProperty(String ConsumerId, String PropertyId) in C:\Stage -3 and 4\Policy-Administration-System\ConsumerMicroservice\ConsumerMicroservice\ConsumerMicroservice\Controllers\ConsumerController.cs:line 87
   at lambda_method(Closure , Object , Object[] )
   at Microsoft.Extensions.Internal.ObjectMethodExecutor.Execute(Object target, Object[] parameters)
   at Microsoft.AspNetCore.Mvc.Infrastructure.ActionMethodExecutor.SyncActionResultExecutor.Execute(IActionResultTypeMapper mapper, ObjectMethodExecutor executor, Object controller, Object[] arguments)
   at Microsoft.AspNetCore.Mvc.Infrastructure.ControllerActionInvoker.InvokeActionMethodAsync()
   at Microsoft.AspNetCore.Mvc.Infrastructure.ControllerActionInvoker.Next(State& next, Scope& scope, Object& state, Boolean& isCompleted)
   at Microsoft.AspNetCore.Mvc.Infrastructure.ControllerActionInvoker.InvokeNextActionFilterAsync()
--- End of stack trace from previous location where exception was thrown ---
   at Microsoft.AspNetCore.Mvc.Infrastructure.ControllerActionInvoker.Rethrow(ActionExecutedContextSealed context)
   at Microsoft.AspNetCore.Mvc.Infrastructure.ControllerActionInvoker.Next(State& next, Scope& scope, Object& state, Boolean& isCompleted)
   at Microsoft.AspNetCore.Mvc.Infrastructure.ControllerActionInvoker.InvokeInnerFilterAsync()
--- End of stack trace from previous location where exception was thrown ---
   at Microsoft.AspNetCore.Mvc.Infrastructure.ResourceInvoker.<InvokeFilterPipelineAsync>g__Awaited|19_0(ResourceInvoker invoker, Task lastTask, State next, Scope scope, Object state, Boolean isCompleted)
   at Microsoft.AspNetCore.Mvc.Infrastructure.ResourceInvoker.<InvokeAsync>g__Awaited|17_0(ResourceInvoker invoker, Task task, IDisposable scope)
   at Microsoft.AspNetCore.Routing.EndpointMiddleware.<Invoke>g__AwaitRequestTask|6_0(Endpoint endpoint, Task requestTask, ILogger logger)
   at Microsoft.AspNetCore.Authorization.AuthorizationMiddleware.Invoke(HttpContext context)
   at Swashbuckle.AspNetCore.SwaggerUI.SwaggerUIMiddleware.Invoke(HttpContext httpContext)
   at Swashbuckle.AspNetCore.Swagger.SwaggerMiddleware.Invoke(HttpContext httpContext, ISwaggerProvider swaggerProvider)
   at Microsoft.AspNetCore.Diagnostics.DeveloperExceptionPageMiddleware.Invoke(HttpContext context)
INFO  07:22:43 Application started. Press Ctrl+C to shut down.
INFO  07:22:43 Hosting environment: Development
INFO  07:22:43 Content root path: C:\Stage -3 and 4\Policy-Administration-System\ConsumerMicroservice\ConsumerMicroservice\ConsumerMicroservice
INFO  07:23:39 ViewConsumerProperty Method Called
INFO  07:26:43 Application started. Press Ctrl+C to shut down.
INFO  07:26:44 Hosting environment: Development
INFO  07:26:44 Content root path: C:\Stage -3 and 4\Policy-Administration-System\ConsumerMicroservice\ConsumerMicroservice\ConsumerMicroservice
INFO  07:27:45 UpdateConsumerBusiness Method Called
INFO  07:28:28 Application started. Press Ctrl+C to shut down.
INFO  07:28:28 Hosting environment: Development
INFO  07:28:28 Content root path: C:\Stage -3 and 4\Policy-Administration-System\ConsumerMicroservice\ConsumerMicroservice\ConsumerMicroservice
INFO  07:29:37 UpdateBusinessProperty Method Called
INFO  07:31:10 Application started. Press Ctrl+C to shut down.
INFO  07:31:10 Hosting environment: Development
INFO  07:31:10 Content root path: C:\Stage -3 and 4\Policy-Administration-System\ConsumerMicroservice\ConsumerMicroservice\ConsumerMicroservice
INFO  07:31:57 UpdateBusinessProperty Method Called
INFO  07:42:35 Application started. Press Ctrl+C to shut down.
INFO  07:42:35 Hosting environment: Development
INFO  07:42:35 Content root path: C:\Stage -3 and 4\Policy-Administration-System\ConsumerMicroservice\ConsumerMicroservice\ConsumerMicroservice
INFO  09:09:33 ViewConsumerProperty Method Called
INFO  09:13:05 ViewConsumerProperty Method Called
INFO  09:16:21 ViewConsumerProperty Method Called
INFO  09:16:31 ViewConsumerProperty Method Called
INFO  10:14:38 Application started. Press Ctrl+C to shut down.
INFO  10:14:38 Hosting environment: Development
INFO  10:14:38 Content root path: C:\Users\somu\Downloads\consumer-main\ConsumerMicroservice\ConsumerMicroservice\ConsumerMicroservice
INFO  10:15:06 ViewConsumerBusiness Method Called
INFO  10:15:29 ViewConsumerProperty Method Called
INFO  10:31:13 CreateConsumerBusiness Method Called
INFO  10:31:13 Post : ConsumerBusiness created
INFO  10:31:27 ViewConsumerBusiness Method Called
INFO  10:32:00 UpdateConsumerBusiness Method Called
INFO  10:32:04 ViewConsumerBusiness Method Called
INFO  10:32:45 CreateBusinessProperty Method Called
INFO  10:32:59 ViewConsumerProperty Method Called
INFO  10:33:29 UpdateBusinessProperty Method Called
INFO  10:33:36 ViewConsumerProperty Method Called
INFO  02:46:56 Application started. Press Ctrl+C to shut down.
INFO  02:46:56 Hosting environment: Development
INFO  02:46:56 Content root path: C:\Users\somu\Downloads\consumer-main\ConsumerMicroservice\ConsumerMicroservice\ConsumerMicroservice
INFO  02:47:15 ViewConsumerProperty Method Called
INFO  02:47:50 ViewConsumerBusiness Method Called
INFO  02:50:18 Application started. Press Ctrl+C to shut down.
INFO  02:50:18 Hosting environment: Development
INFO  02:50:18 Content root path: C:\Users\somu\Downloads\consumer-main\ConsumerMicroservice\ConsumerMicroservice\ConsumerMicroservice
INFO  02:50:34 ViewConsumerBusiness Method Called
INFO  02:54:31 Application started. Press Ctrl+C to shut down.
INFO  02:54:31 Hosting environment: Development
INFO  02:54:31 Content root path: C:\Users\somu\Downloads\consumer-main\ConsumerMicroservice\ConsumerMicroservice\ConsumerMicroservice
INFO  02:54:52 ViewConsumerBusiness Method Called
INFO  02:56:09 Application started. Press Ctrl+C to shut down.
INFO  02:56:09 Hosting environment: Development
INFO  02:56:09 Content root path: C:\Users\somu\Downloads\consumer-main\ConsumerMicroservice\ConsumerMicroservice\ConsumerMicroservice
INFO  02:56:42 ViewConsumerProperty Method Called
INFO  03:28:13 Application started. Press Ctrl+C to shut down.
INFO  03:28:13 Hosting environment: Development
INFO  03:28:13 Content root path: C:\Users\somu\Downloads\consumer-main\ConsumerMicroservice\ConsumerMicroservice\ConsumerMicroservice
INFO  03:28:36 ViewConsumerBusiness Method Called
INFO  03:29:35 CreateConsumerBusiness Method Called
INFO  03:29:35 Post : ConsumerBusiness created
INFO  03:29:44 ViewConsumerBusiness Method Called
INFO  03:35:36 Application started. Press Ctrl+C to shut down.
INFO  03:35:36 Hosting environment: Development
INFO  03:35:36 Content root path: C:\Users\somu\Downloads\consumer-main\ConsumerMicroservice\ConsumerMicroservice\ConsumerMicroservice
INFO  03:36:17 CreateConsumerBusiness Method Called
INFO  03:36:17 Post : ConsumerBusiness created
INFO  03:36:31 ViewConsumerBusiness Method Called
INFO  03:44:01 Application started. Press Ctrl+C to shut down.
INFO  03:44:01 Hosting environment: Development
INFO  03:44:01 Content root path: C:\Users\somu\Downloads\consumer-main\ConsumerMicroservice\ConsumerMicroservice\ConsumerMicroservice
INFO  03:44:33 CreateConsumerBusiness Method Called
INFO  03:44:33 Post : ConsumerBusiness created
INFO  03:44:55 ViewConsumerBusiness Method Called
INFO  03:45:37 UpdateConsumerBusiness Method Called
INFO  03:45:39 ViewConsumerBusiness Method Called
INFO  03:46:32 CreateBusinessProperty Method Called
INFO  03:46:49 ViewConsumerProperty Method Called
INFO  03:47:25 UpdateBusinessProperty Method Called
INFO  03:47:29 ViewConsumerProperty Method Called
INFO  05:13:07 Application started. Press Ctrl+C to shut down.
INFO  05:13:07 Hosting environment: Development
INFO  05:13:07 Content root path: C:\Users\somu\Downloads\consumer-main\ConsumerMicroservice\ConsumerMicroservice\ConsumerMicroservice
INFO  05:15:08 CreateConsumerBusiness Method Called
INFO  05:15:08 Post : ConsumerBusiness created
INFO  05:15:22 ViewConsumerBusiness Method Called
INFO  05:16:03 UpdateConsumerBusiness Method Called
INFO  05:16:08 ViewConsumerBusiness Method Called
INFO  05:31:46 Application started. Press Ctrl+C to shut down.
INFO  05:31:46 Hosting environment: Development
INFO  05:31:46 Content root path: C:\Users\somu\Downloads\consumer-main\ConsumerMicroservice\ConsumerMicroservice\ConsumerMicroservice
INFO  05:32:09 ViewConsumerBusiness Method Called
INFO  05:32:20 ViewConsumerBusiness Method Called
INFO  05:39:42 Application started. Press Ctrl+C to shut down.
INFO  05:39:42 Hosting environment: Development
INFO  05:39:42 Content root path: C:\Users\somu\Downloads\consumer-main\ConsumerMicroservice\ConsumerMicroservice\ConsumerMicroservice
INFO  05:40:12 CreateConsumerBusiness Method Called
INFO  05:40:12 Post : ConsumerBusiness created
INFO  05:40:24 ViewConsumerBusiness Method Called
INFO  05:40:35 ViewConsumerBusiness Method Called
INFO  05:43:18 Application started. Press Ctrl+C to shut down.
INFO  05:43:18 Hosting environment: Development
INFO  05:43:18 Content root path: C:\Users\somu\Downloads\consumer-main\ConsumerMicroservice\ConsumerMicroservice\ConsumerMicroservice
INFO  05:43:58 CreateConsumerBusiness Method Called
INFO  05:43:58 Post : ConsumerBusiness created
INFO  05:44:13 ViewConsumerBusiness Method Called
INFO  05:44:20 ViewConsumerBusiness Method Called
INFO  06:32:23 Application started. Press Ctrl+C to shut down.
INFO  06:32:23 Hosting environment: Development
INFO  06:32:23 Content root path: C:\Users\somu\Downloads\consumer-main\ConsumerMicroservice\ConsumerMicroservice\ConsumerMicroservice
INFO  06:33:00 CreateConsumerBusiness Method Called
INFO  06:33:00 Post : ConsumerBusiness created
INFO  06:33:16 ViewConsumerBusiness Method Called
INFO  06:33:26 ViewConsumerBusiness Method Called
INFO  06:34:14 UpdateConsumerBusiness Method Called
INFO  06:34:18 ViewConsumerBusiness Method Called
INFO  06:35:00 CreateBusinessProperty Method Called
INFO  06:35:19 ViewConsumerProperty Method Called
INFO  06:35:46 UpdateBusinessProperty Method Called
INFO  06:35:50 ViewConsumerProperty Method Called
INFO  07:01:11 Application started. Press Ctrl+C to shut down.
INFO  07:01:11 Hosting environment: Development
INFO  07:01:11 Content root path: C:\Stage -3 and 4\Policy-Administration-System\ConsumerMicroservice\ConsumerMicroservice
INFO  07:02:26 ViewConsumerBusiness Method Called
INFO  07:51:04 Application started. Press Ctrl+C to shut down.
INFO  07:51:04 Hosting environment: Development
INFO  07:51:04 Content root path: C:\Stage -3 and 4\Policy-Administration-System\ConsumerMicroservice\ConsumerMicroservice
INFO  08:09:29 ViewConsumerBusiness Method Called
INFO  09:35:30 Application started. Press Ctrl+C to shut down.
INFO  09:35:30 Hosting environment: Development
INFO  09:35:30 Content root path: C:\Stage -3 and 4\Policy-Administration-System\ConsumerMicroservice\ConsumerMicroservice
INFO  09:39:19 ViewConsumerBusiness Method Called
INFO  10:11:45 ViewConsumerBusiness Method Called
INFO  10:16:30 ViewConsumerBusiness Method Called
INFO  10:47:04 ViewConsumerBusiness Method Called
INFO  10:48:02 ViewConsumerBusiness Method Called
INFO  11:01:02 CreateConsumerBusiness Method Called
INFO  11:08:18 CreateConsumerBusiness Method Called
INFO  11:08:36 ViewConsumerBusiness Method Called
INFO  11:13:50 ViewConsumerBusiness Method Called
INFO  11:14:48 UpdateConsumerBusiness Method Called
ERROR 11:14:49 An unhandled exception has occurred while executing the request.
System.NullReferenceException: Object reference not set to an instance of an object.
   at ConsumerMicroservice.Repository.ConsumerRepository.<>c__DisplayClass4_0.<UpdateConsumerBusiness>b__0(Consumer c) in C:\Stage -3 and 4\Policy-Administration-System\ConsumerMicroservice\ConsumerMicroservice\Repository\ConsumerRepository.cs:line 111
   at System.Linq.Enumerable.TryGetFirst[TSource](IEnumerable`1 source, Func`2 predicate, Boolean& found)
   at System.Linq.Enumerable.FirstOrDefault[TSource](IEnumerable`1 source, Func`2 predicate)
   at ConsumerMicroservice.Repository.ConsumerRepository.UpdateConsumerBusiness(ConsumerBusiness consumerBusiness) in C:\Stage -3 and 4\Policy-Administration-System\ConsumerMicroservice\ConsumerMicroservice\Repository\ConsumerRepository.cs:line 111
   at ConsumerMicroservice.Service.ConsumerService.UpdateConsumerBusiness(ConsumerBusiness consumerBusiness) in C:\Stage -3 and 4\Policy-Administration-System\ConsumerMicroservice\ConsumerMicroservice\Service\ConsumerService.cs:line 31
   at ConsumerMicroservice.Controllers.ConsumerController.UpdateConsumerBusiness(ConsumerBusiness consumerBusiness) in C:\Stage -3 and 4\Policy-Administration-System\ConsumerMicroservice\ConsumerMicroservice\Controllers\ConsumerController.cs:line 44
   at lambda_method(Closure , Object , Object[] )
   at Microsoft.Extensions.Internal.ObjectMethodExecutor.Execute(Object target, Object[] parameters)
   at Microsoft.AspNetCore.Mvc.Infrastructure.ActionMethodExecutor.SyncActionResultExecutor.Execute(IActionResultTypeMapper mapper, ObjectMethodExecutor executor, Object controller, Object[] arguments)
   at Microsoft.AspNetCore.Mvc.Infrastructure.ControllerActionInvoker.InvokeActionMethodAsync()
   at Microsoft.AspNetCore.Mvc.Infrastructure.ControllerActionInvoker.Next(State& next, Scope& scope, Object& state, Boolean& isCompleted)
   at Microsoft.AspNetCore.Mvc.Infrastructure.ControllerActionInvoker.InvokeNextActionFilterAsync()
--- End of stack trace from previous location where exception was thrown ---
   at Microsoft.AspNetCore.Mvc.Infrastructure.ControllerActionInvoker.Rethrow(ActionExecutedContextSealed context)
   at Microsoft.AspNetCore.Mvc.Infrastructure.ControllerActionInvoker.Next(State& next, Scope& scope, Object& state, Boolean& isCompleted)
   at Microsoft.AspNetCore.Mvc.Infrastructure.ControllerActionInvoker.InvokeInnerFilterAsync()
--- End of stack trace from previous location where exception was thrown ---
   at Microsoft.AspNetCore.Mvc.Infrastructure.ResourceInvoker.<InvokeFilterPipelineAsync>g__Awaited|19_0(ResourceInvoker invoker, Task lastTask, State next, Scope scope, Object state, Boolean isCompleted)
   at Microsoft.AspNetCore.Mvc.Infrastructure.ResourceInvoker.<InvokeAsync>g__Awaited|17_0(ResourceInvoker invoker, Task task, IDisposable scope)
   at Microsoft.AspNetCore.Routing.EndpointMiddleware.<Invoke>g__AwaitRequestTask|6_0(Endpoint endpoint, Task requestTask, ILogger logger)
   at Microsoft.AspNetCore.Authorization.AuthorizationMiddleware.Invoke(HttpContext context)
   at Swashbuckle.AspNetCore.SwaggerUI.SwaggerUIMiddleware.Invoke(HttpContext httpContext)
   at Swashbuckle.AspNetCore.Swagger.SwaggerMiddleware.Invoke(HttpContext httpContext, ISwaggerProvider swaggerProvider)
   at Microsoft.AspNetCore.Diagnostics.DeveloperExceptionPageMiddleware.Invoke(HttpContext context)
INFO  07:34:26 Application started. Press Ctrl+C to shut down.
INFO  07:34:26 Hosting environment: Development
INFO  07:34:26 Content root path: C:\Stage -3 and 4\Policy-Administration-System\ConsumerMicroservice\ConsumerMicroservice
INFO  07:36:09 CreateConsumerBusiness Method Called
INFO  07:36:20 ViewConsumerBusiness Method Called
INFO  07:36:38 ViewConsumerBusiness Method Called
ERROR 07:36:38 An unhandled exception has occurred while executing the request.
System.NullReferenceException: Object reference not set to an instance of an object.
   at ConsumerMicroservice.Repository.ConsumerRepository.<>c__DisplayClass5_0.<ViewConsumerBusiness>b__0(Consumer c) in C:\Stage -3 and 4\Policy-Administration-System\ConsumerMicroservice\ConsumerMicroservice\Repository\ConsumerRepository.cs:line 129
   at System.Linq.Enumerable.TryGetFirst[TSource](IEnumerable`1 source, Func`2 predicate, Boolean& found)
   at System.Linq.Enumerable.FirstOrDefault[TSource](IEnumerable`1 source, Func`2 predicate)
   at ConsumerMicroservice.Repository.ConsumerRepository.ViewConsumerBusiness(String ConsumerId, String BusinessId) in C:\Stage -3 and 4\Policy-Administration-System\ConsumerMicroservice\ConsumerMicroservice\Repository\ConsumerRepository.cs:line 129
   at ConsumerMicroservice.Service.ConsumerService.ViewConsumerBusiness(String ConsumerId, String BusinessId) in C:\Stage -3 and 4\Policy-Administration-System\ConsumerMicroservice\ConsumerMicroservice\Service\ConsumerService.cs:line 55
   at ConsumerMicroservice.Controllers.ConsumerController.ViewConsumerBusiness(String ConsumerId, String BusinessId) in C:\Stage -3 and 4\Policy-Administration-System\ConsumerMicroservice\ConsumerMicroservice\Controllers\ConsumerController.cs:line 77
   at lambda_method(Closure , Object , Object[] )
   at Microsoft.Extensions.Internal.ObjectMethodExecutor.Execute(Object target, Object[] parameters)
   at Microsoft.AspNetCore.Mvc.Infrastructure.ActionMethodExecutor.SyncActionResultExecutor.Execute(IActionResultTypeMapper mapper, ObjectMethodExecutor executor, Object controller, Object[] arguments)
   at Microsoft.AspNetCore.Mvc.Infrastructure.ControllerActionInvoker.InvokeActionMethodAsync()
   at Microsoft.AspNetCore.Mvc.Infrastructure.ControllerActionInvoker.Next(State& next, Scope& scope, Object& state, Boolean& isCompleted)
   at Microsoft.AspNetCore.Mvc.Infrastructure.ControllerActionInvoker.InvokeNextActionFilterAsync()
--- End of stack trace from previous location where exception was thrown ---
   at Microsoft.AspNetCore.Mvc.Infrastructure.ControllerActionInvoker.Rethrow(ActionExecutedContextSealed context)
   at Microsoft.AspNetCore.Mvc.Infrastructure.ControllerActionInvoker.Next(State& next, Scope& scope, Object& state, Boolean& isCompleted)
   at Microsoft.AspNetCore.Mvc.Infrastructure.ControllerActionInvoker.InvokeInnerFilterAsync()
--- End of stack trace from previous location where exception was thrown ---
   at Microsoft.AspNetCore.Mvc.Infrastructure.ResourceInvoker.<InvokeFilterPipelineAsync>g__Awaited|19_0(ResourceInvoker invoker, Task lastTask, State next, Scope scope, Object state, Boolean isCompleted)
   at Microsoft.AspNetCore.Mvc.Infrastructure.ResourceInvoker.<InvokeAsync>g__Awaited|17_0(ResourceInvoker invoker, Task task, IDisposable scope)
   at Microsoft.AspNetCore.Routing.EndpointMiddleware.<Invoke>g__AwaitRequestTask|6_0(Endpoint endpoint, Task requestTask, ILogger logger)
   at Microsoft.AspNetCore.Authorization.AuthorizationMiddleware.Invoke(HttpContext context)
   at Swashbuckle.AspNetCore.SwaggerUI.SwaggerUIMiddleware.Invoke(HttpContext httpContext)
   at Swashbuckle.AspNetCore.Swagger.SwaggerMiddleware.Invoke(HttpContext httpContext, ISwaggerProvider swaggerProvider)
   at Microsoft.AspNetCore.Diagnostics.DeveloperExceptionPageMiddleware.Invoke(HttpContext context)
INFO  07:37:06 ViewConsumerBusiness Method Called
ERROR 07:37:06 An unhandled exception has occurred while executing the request.
System.NullReferenceException: Object reference not set to an instance of an object.
   at ConsumerMicroservice.Repository.ConsumerRepository.<>c__DisplayClass5_0.<ViewConsumerBusiness>b__0(Consumer c) in C:\Stage -3 and 4\Policy-Administration-System\ConsumerMicroservice\ConsumerMicroservice\Repository\ConsumerRepository.cs:line 129
   at System.Linq.Enumerable.TryGetFirst[TSource](IEnumerable`1 source, Func`2 predicate, Boolean& found)
   at System.Linq.Enumerable.FirstOrDefault[TSource](IEnumerable`1 source, Func`2 predicate)
   at ConsumerMicroservice.Repository.ConsumerRepository.ViewConsumerBusiness(String ConsumerId, String BusinessId) in C:\Stage -3 and 4\Policy-Administration-System\ConsumerMicroservice\ConsumerMicroservice\Repository\ConsumerRepository.cs:line 129
   at ConsumerMicroservice.Service.ConsumerService.ViewConsumerBusiness(String ConsumerId, String BusinessId) in C:\Stage -3 and 4\Policy-Administration-System\ConsumerMicroservice\ConsumerMicroservice\Service\ConsumerService.cs:line 55
   at ConsumerMicroservice.Controllers.ConsumerController.ViewConsumerBusiness(String ConsumerId, String BusinessId) in C:\Stage -3 and 4\Policy-Administration-System\ConsumerMicroservice\ConsumerMicroservice\Controllers\ConsumerController.cs:line 77
   at lambda_method(Closure , Object , Object[] )
   at Microsoft.Extensions.Internal.ObjectMethodExecutor.Execute(Object target, Object[] parameters)
   at Microsoft.AspNetCore.Mvc.Infrastructure.ActionMethodExecutor.SyncActionResultExecutor.Execute(IActionResultTypeMapper mapper, ObjectMethodExecutor executor, Object controller, Object[] arguments)
   at Microsoft.AspNetCore.Mvc.Infrastructure.ControllerActionInvoker.InvokeActionMethodAsync()
   at Microsoft.AspNetCore.Mvc.Infrastructure.ControllerActionInvoker.Next(State& next, Scope& scope, Object& state, Boolean& isCompleted)
   at Microsoft.AspNetCore.Mvc.Infrastructure.ControllerActionInvoker.InvokeNextActionFilterAsync()
--- End of stack trace from previous location where exception was thrown ---
   at Microsoft.AspNetCore.Mvc.Infrastructure.ControllerActionInvoker.Rethrow(ActionExecutedContextSealed context)
   at Microsoft.AspNetCore.Mvc.Infrastructure.ControllerActionInvoker.Next(State& next, Scope& scope, Object& state, Boolean& isCompleted)
   at Microsoft.AspNetCore.Mvc.Infrastructure.ControllerActionInvoker.InvokeInnerFilterAsync()
--- End of stack trace from previous location where exception was thrown ---
   at Microsoft.AspNetCore.Mvc.Infrastructure.ResourceInvoker.<InvokeFilterPipelineAsync>g__Awaited|19_0(ResourceInvoker invoker, Task lastTask, State next, Scope scope, Object state, Boolean isCompleted)
   at Microsoft.AspNetCore.Mvc.Infrastructure.ResourceInvoker.<InvokeAsync>g__Awaited|17_0(ResourceInvoker invoker, Task task, IDisposable scope)
   at Microsoft.AspNetCore.Routing.EndpointMiddleware.<Invoke>g__AwaitRequestTask|6_0(Endpoint endpoint, Task requestTask, ILogger logger)
   at Microsoft.AspNetCore.Authorization.AuthorizationMiddleware.Invoke(HttpContext context)
   at Swashbuckle.AspNetCore.SwaggerUI.SwaggerUIMiddleware.Invoke(HttpContext httpContext)
   at Swashbuckle.AspNetCore.Swagger.SwaggerMiddleware.Invoke(HttpContext httpContext, ISwaggerProvider swaggerProvider)
   at Microsoft.AspNetCore.Diagnostics.DeveloperExceptionPageMiddleware.Invoke(HttpContext context)
INFO  07:47:26 ViewConsumerProperty Method Called
INFO  07:52:30 ViewConsumerProperty Method Called
INFO  07:54:52 ViewConsumerProperty Method Called
INFO  08:07:12 ViewConsumerProperty Method Called
INFO  08:08:39 ViewConsumerProperty Method Called
INFO  08:08:45 ViewConsumerProperty Method Called
INFO  08:10:36 ViewConsumerProperty Method Called
INFO  08:10:37 ViewConsumerProperty Method Called
INFO  08:10:59 ViewConsumerProperty Method Called
INFO  08:14:21 ViewConsumerBusiness Method Called
INFO  08:22:26 ViewConsumerProperty Method Called
INFO  08:22:27 ViewConsumerProperty Method Called
INFO  08:22:35 ViewConsumerBusiness Method Called
INFO  08:29:01 ViewConsumerBusiness Method Called
INFO  08:33:34 ViewConsumerBusiness Method Called
INFO  08:33:49 ViewConsumerProperty Method Called
INFO  08:34:05 ViewConsumerBusiness Method Called
INFO  08:34:12 ViewConsumerProperty Method Called
INFO  08:43:56 CreateBusinessProperty Method Called
INFO  08:45:40 UpdateBusinessProperty Method Called
INFO  08:46:30 CreateConsumerBusiness Method Called
INFO  08:48:28 ViewConsumerProperty Method Called
ERROR 08:48:28 An unhandled exception has occurred while executing the request.
System.NullReferenceException: Object reference not set to an instance of an object.
   at ConsumerMicroservice.Repository.ConsumerRepository.<>c__DisplayClass6_0.<ViewConsumerProperty>b__0(Property p) in C:\Stage -3 and 4\Policy-Administration-System\ConsumerMicroservice\ConsumerMicroservice\Repository\ConsumerRepository.cs:line 169
   at System.Linq.Enumerable.TryGetFirst[TSource](IEnumerable`1 source, Func`2 predicate, Boolean& found)
   at System.Linq.Enumerable.FirstOrDefault[TSource](IEnumerable`1 source, Func`2 predicate)
   at ConsumerMicroservice.Repository.ConsumerRepository.ViewConsumerProperty(String ConsumerId, String PropertyId) in C:\Stage -3 and 4\Policy-Administration-System\ConsumerMicroservice\ConsumerMicroservice\Repository\ConsumerRepository.cs:line 169
   at ConsumerMicroservice.Service.ConsumerService.ViewConsumerProperty(String ConsumerId, String PropertyId) in C:\Stage -3 and 4\Policy-Administration-System\ConsumerMicroservice\ConsumerMicroservice\Service\ConsumerService.cs:line 63
   at ConsumerMicroservice.Controllers.ConsumerController.ViewConsumerProperty(String ConsumerId, String PropertyId) in C:\Stage -3 and 4\Policy-Administration-System\ConsumerMicroservice\ConsumerMicroservice\Controllers\ConsumerController.cs:line 91
   at lambda_method(Closure , Object , Object[] )
   at Microsoft.Extensions.Internal.ObjectMethodExecutor.Execute(Object target, Object[] parameters)
   at Microsoft.AspNetCore.Mvc.Infrastructure.ActionMethodExecutor.SyncActionResultExecutor.Execute(IActionResultTypeMapper mapper, ObjectMethodExecutor executor, Object controller, Object[] arguments)
   at Microsoft.AspNetCore.Mvc.Infrastructure.ControllerActionInvoker.InvokeActionMethodAsync()
   at Microsoft.AspNetCore.Mvc.Infrastructure.ControllerActionInvoker.Next(State& next, Scope& scope, Object& state, Boolean& isCompleted)
   at Microsoft.AspNetCore.Mvc.Infrastructure.ControllerActionInvoker.InvokeNextActionFilterAsync()
--- End of stack trace from previous location where exception was thrown ---
   at Microsoft.AspNetCore.Mvc.Infrastructure.ControllerActionInvoker.Rethrow(ActionExecutedContextSealed context)
   at Microsoft.AspNetCore.Mvc.Infrastructure.ControllerActionInvoker.Next(State& next, Scope& scope, Object& state, Boolean& isCompleted)
   at Microsoft.AspNetCore.Mvc.Infrastructure.ControllerActionInvoker.InvokeInnerFilterAsync()
--- End of stack trace from previous location where exception was thrown ---
   at Microsoft.AspNetCore.Mvc.Infrastructure.ResourceInvoker.<InvokeFilterPipelineAsync>g__Awaited|19_0(ResourceInvoker invoker, Task lastTask, State next, Scope scope, Object state, Boolean isCompleted)
   at Microsoft.AspNetCore.Mvc.Infrastructure.ResourceInvoker.<InvokeAsync>g__Awaited|17_0(ResourceInvoker invoker, Task task, IDisposable scope)
   at Microsoft.AspNetCore.Routing.EndpointMiddleware.<Invoke>g__AwaitRequestTask|6_0(Endpoint endpoint, Task requestTask, ILogger logger)
   at Microsoft.AspNetCore.Authorization.AuthorizationMiddleware.Invoke(HttpContext context)
   at Swashbuckle.AspNetCore.SwaggerUI.SwaggerUIMiddleware.Invoke(HttpContext httpContext)
   at Swashbuckle.AspNetCore.Swagger.SwaggerMiddleware.Invoke(HttpContext httpContext, ISwaggerProvider swaggerProvider)
   at Microsoft.AspNetCore.Diagnostics.DeveloperExceptionPageMiddleware.Invoke(HttpContext context)
INFO  08:49:08 Application started. Press Ctrl+C to shut down.
INFO  08:49:08 Hosting environment: Development
INFO  08:49:08 Content root path: C:\Stage -3 and 4\Policy-Administration-System\ConsumerMicroservice\ConsumerMicroservice
INFO  08:50:53 ViewConsumerProperty Method Called
INFO  08:50:56 ViewConsumerProperty Method Called
INFO  08:51:37 UpdateBusinessProperty Method Called
INFO  08:58:40 UpdateConsumerBusiness Method Called
INFO  08:59:06 Application started. Press Ctrl+C to shut down.
INFO  08:59:06 Hosting environment: Development
INFO  08:59:06 Content root path: C:\Stage -3 and 4\Policy-Administration-System\ConsumerMicroservice\ConsumerMicroservice
INFO  08:59:54 ViewConsumerBusiness Method Called
INFO  09:00:30 ViewConsumerProperty Method Called
INFO  09:00:31 ViewConsumerProperty Method Called
INFO  09:01:20 ViewConsumerBusiness Method Called
INFO  09:02:30 UpdateConsumerBusiness Method Called
INFO  02:11:56 Application started. Press Ctrl+C to shut down.
INFO  02:11:56 Hosting environment: Development
INFO  02:11:56 Content root path: C:\Stage -3 and 4\Policy-Administration-System\ConsumerMicroservice\ConsumerMicroservice
INFO  02:20:46 Application started. Press Ctrl+C to shut down.
INFO  02:20:46 Hosting environment: Development
INFO  02:20:46 Content root path: C:\Stage -3 and 4\Policy-Administration-System\ConsumerMicroservice\ConsumerMicroservice
INFO  02:25:29 ViewConsumerBusiness Method Called
INFO  02:29:18 ViewConsumerBusiness Method Called
INFO  02:34:16 ViewConsumerBusiness Method Called
INFO  03:58:19 Application started. Press Ctrl+C to shut down.
INFO  03:58:19 Hosting environment: Development
INFO  03:58:19 Content root path: C:\Stage -3 and 4\Policy-Administration-System\ConsumerMicroservice\ConsumerMicroservice
INFO  04:04:33 ViewConsumerBusiness Method Called
INFO  04:06:37 ViewConsumerBusiness Method Called
INFO  04:08:35 ViewConsumerBusiness Method Called
INFO  05:15:25 Application started. Press Ctrl+C to shut down.
INFO  05:15:25 Hosting environment: Development
INFO  05:15:25 Content root path: C:\Stage -3 and 4\Policy-Administration-System\ConsumerMicroservice\ConsumerMicroservice
INFO  05:19:28 Application started. Press Ctrl+C to shut down.
INFO  05:19:28 Hosting environment: Development
INFO  05:19:28 Content root path: C:\Stage -3 and 4\Policy-Administration-System\ConsumerMicroservice\ConsumerMicroservice
INFO  05:22:38 ViewConsumerBusiness Method Called
ERROR 05:22:38 An unhandled exception has occurred while executing the request.
System.NullReferenceException: Object reference not set to an instance of an object.
   at ConsumerMicroservice.Repository.ConsumerRepository.ViewConsumerBusiness(String ConsumerId, String BusinessId) in C:\Stage -3 and 4\Policy-Administration-System\ConsumerMicroservice\ConsumerMicroservice\Repository\ConsumerRepository.cs:line 131
   at ConsumerMicroservice.Service.ConsumerService.ViewConsumerBusiness(String ConsumerId, String BusinessId) in C:\Stage -3 and 4\Policy-Administration-System\ConsumerMicroservice\ConsumerMicroservice\Service\ConsumerService.cs:line 55
   at ConsumerMicroservice.Controllers.ConsumerController.ViewConsumerBusiness(String ConsumerId, String BusinessId) in C:\Stage -3 and 4\Policy-Administration-System\ConsumerMicroservice\ConsumerMicroservice\Controllers\ConsumerController.cs:line 79
   at lambda_method(Closure , Object , Object[] )
   at Microsoft.Extensions.Internal.ObjectMethodExecutor.Execute(Object target, Object[] parameters)
   at Microsoft.AspNetCore.Mvc.Infrastructure.ActionMethodExecutor.SyncActionResultExecutor.Execute(IActionResultTypeMapper mapper, ObjectMethodExecutor executor, Object controller, Object[] arguments)
   at Microsoft.AspNetCore.Mvc.Infrastructure.ControllerActionInvoker.InvokeActionMethodAsync()
   at Microsoft.AspNetCore.Mvc.Infrastructure.ControllerActionInvoker.Next(State& next, Scope& scope, Object& state, Boolean& isCompleted)
   at Microsoft.AspNetCore.Mvc.Infrastructure.ControllerActionInvoker.InvokeNextActionFilterAsync()
--- End of stack trace from previous location where exception was thrown ---
   at Microsoft.AspNetCore.Mvc.Infrastructure.ControllerActionInvoker.Rethrow(ActionExecutedContextSealed context)
   at Microsoft.AspNetCore.Mvc.Infrastructure.ControllerActionInvoker.Next(State& next, Scope& scope, Object& state, Boolean& isCompleted)
   at Microsoft.AspNetCore.Mvc.Infrastructure.ControllerActionInvoker.InvokeInnerFilterAsync()
--- End of stack trace from previous location where exception was thrown ---
   at Microsoft.AspNetCore.Mvc.Infrastructure.ResourceInvoker.<InvokeFilterPipelineAsync>g__Awaited|19_0(ResourceInvoker invoker, Task lastTask, State next, Scope scope, Object state, Boolean isCompleted)
   at Microsoft.AspNetCore.Mvc.Infrastructure.ResourceInvoker.<InvokeAsync>g__Awaited|17_0(ResourceInvoker invoker, Task task, IDisposable scope)
   at Microsoft.AspNetCore.Routing.EndpointMiddleware.<Invoke>g__AwaitRequestTask|6_0(Endpoint endpoint, Task requestTask, ILogger logger)
   at Microsoft.AspNetCore.Authorization.AuthorizationMiddleware.Invoke(HttpContext context)
   at Swashbuckle.AspNetCore.SwaggerUI.SwaggerUIMiddleware.Invoke(HttpContext httpContext)
   at Swashbuckle.AspNetCore.Swagger.SwaggerMiddleware.Invoke(HttpContext httpContext, ISwaggerProvider swaggerProvider)
   at Microsoft.AspNetCore.Diagnostics.DeveloperExceptionPageMiddleware.Invoke(HttpContext context)
INFO  05:23:01 ViewConsumerBusiness Method Called
INFO  05:23:24 ViewConsumerBusiness Method Called
INFO  05:24:19 Application started. Press Ctrl+C to shut down.
INFO  05:24:19 Hosting environment: Development
INFO  05:24:19 Content root path: C:\Stage -3 and 4\Policy-Administration-System\ConsumerMicroservice\ConsumerMicroservice
INFO  05:24:49 ViewConsumerBusiness Method Called
INFO  05:24:58 ViewConsumerBusiness Method Called
INFO  05:31:55 Application started. Press Ctrl+C to shut down.
INFO  05:31:55 Hosting environment: Development
INFO  05:31:55 Content root path: C:\Stage -3 and 4\Policy-Administration-System\ConsumerMicroservice\ConsumerMicroservice
INFO  05:32:29 Application started. Press Ctrl+C to shut down.
INFO  05:32:30 Hosting environment: Development
INFO  05:32:30 Content root path: C:\Stage -3 and 4\Policy-Administration-System\ConsumerMicroservice\ConsumerMicroservice
INFO  05:44:23 Application started. Press Ctrl+C to shut down.
INFO  05:44:23 Hosting environment: Development
INFO  05:44:23 Content root path: C:\Stage -3 and 4\Policy-Administration-System\ConsumerMicroservice\ConsumerMicroservice
INFO  05:47:53 Application started. Press Ctrl+C to shut down.
INFO  05:47:53 Hosting environment: Development
INFO  05:47:53 Content root path: C:\Stage -3 and 4\Policy-Administration-System\ConsumerMicroservice\ConsumerMicroservice
INFO  05:48:11 ViewConsumerBusiness Method Called
INFO  05:57:40 ViewConsumerBusiness Method Called
INFO  06:03:36 ViewConsumerBusiness Method Called
INFO  11:09:05 Application started. Press Ctrl+C to shut down.
INFO  11:09:05 Hosting environment: Development
INFO  11:09:05 Content root path: C:\Final Project\ConsumerMicroservice\ConsumerMicroservice
INFO  11:10:17 Application started. Press Ctrl+C to shut down.
INFO  11:10:17 Hosting environment: Development
INFO  11:10:17 Content root path: C:\Final Project\ConsumerMicroservice\ConsumerMicroservice
INFO  11:23:17 Application started. Press Ctrl+C to shut down.
INFO  11:23:17 Hosting environment: Development
INFO  11:23:17 Content root path: C:\Final Project\ConsumerMicroservice\ConsumerMicroservice
INFO  11:30:46 ViewConsumerBusiness Method Called
INFO  11:32:07 ViewConsumerBusiness Method Called
INFO  11:34:32 ViewConsumerProperty Method Called
INFO  11:34:40 ViewConsumerProperty Method Called
INFO  12:07:55 ViewConsumerBusiness Method Called
INFO  12:24:32 ViewConsumerBusiness Method Called
INFO  12:24:45 ViewConsumerProperty Method Called
INFO  12:25:52 ViewConsumerProperty Method Called
ERROR 12:25:52 An unhandled exception has occurred while executing the request.
System.NullReferenceException: Object reference not set to an instance of an object.
   at ConsumerMicroservice.Repository.ConsumerRepository.ViewConsumerProperty(String ConsumerId, String PropertyId) in C:\Final Project\ConsumerMicroservice\ConsumerMicroservice\Repository\ConsumerRepository.cs:line 166
   at ConsumerMicroservice.Service.ConsumerService.ViewConsumerProperty(String ConsumerId, String PropertyId) in C:\Final Project\ConsumerMicroservice\ConsumerMicroservice\Service\ConsumerService.cs:line 52
   at ConsumerMicroservice.Controllers.ConsumerController.ViewConsumerProperty(String ConsumerId, String PropertyId) in C:\Final Project\ConsumerMicroservice\ConsumerMicroservice\Controllers\ConsumerController.cs:line 80
   at lambda_method(Closure , Object , Object[] )
   at Microsoft.Extensions.Internal.ObjectMethodExecutor.Execute(Object target, Object[] parameters)
   at Microsoft.AspNetCore.Mvc.Infrastructure.ActionMethodExecutor.SyncActionResultExecutor.Execute(IActionResultTypeMapper mapper, ObjectMethodExecutor executor, Object controller, Object[] arguments)
   at Microsoft.AspNetCore.Mvc.Infrastructure.ControllerActionInvoker.InvokeActionMethodAsync()
   at Microsoft.AspNetCore.Mvc.Infrastructure.ControllerActionInvoker.Next(State& next, Scope& scope, Object& state, Boolean& isCompleted)
   at Microsoft.AspNetCore.Mvc.Infrastructure.ControllerActionInvoker.InvokeNextActionFilterAsync()
--- End of stack trace from previous location where exception was thrown ---
   at Microsoft.AspNetCore.Mvc.Infrastructure.ControllerActionInvoker.Rethrow(ActionExecutedContextSealed context)
   at Microsoft.AspNetCore.Mvc.Infrastructure.ControllerActionInvoker.Next(State& next, Scope& scope, Object& state, Boolean& isCompleted)
   at Microsoft.AspNetCore.Mvc.Infrastructure.ControllerActionInvoker.InvokeInnerFilterAsync()
--- End of stack trace from previous location where exception was thrown ---
   at Microsoft.AspNetCore.Mvc.Infrastructure.ResourceInvoker.<InvokeFilterPipelineAsync>g__Awaited|19_0(ResourceInvoker invoker, Task lastTask, State next, Scope scope, Object state, Boolean isCompleted)
   at Microsoft.AspNetCore.Mvc.Infrastructure.ResourceInvoker.<InvokeAsync>g__Awaited|17_0(ResourceInvoker invoker, Task task, IDisposable scope)
   at Microsoft.AspNetCore.Routing.EndpointMiddleware.<Invoke>g__AwaitRequestTask|6_0(Endpoint endpoint, Task requestTask, ILogger logger)
   at Microsoft.AspNetCore.Authorization.AuthorizationMiddleware.Invoke(HttpContext context)
   at Swashbuckle.AspNetCore.SwaggerUI.SwaggerUIMiddleware.Invoke(HttpContext httpContext)
   at Swashbuckle.AspNetCore.Swagger.SwaggerMiddleware.Invoke(HttpContext httpContext, ISwaggerProvider swaggerProvider)
   at Microsoft.AspNetCore.Diagnostics.DeveloperExceptionPageMiddleware.Invoke(HttpContext context)
INFO  12:26:26 ViewConsumerProperty Method Called
INFO  12:27:04 ViewConsumerProperty Method Called
INFO  12:27:08 UpdateBusinessProperty Method Called
INFO  12:41:29 Application started. Press Ctrl+C to shut down.
INFO  12:41:29 Hosting environment: Development
INFO  12:41:29 Content root path: C:\Final Project\ConsumerMicroservice\ConsumerMicroservice
INFO  12:41:48 Application started. Press Ctrl+C to shut down.
INFO  12:41:48 Hosting environment: Development
INFO  12:41:48 Content root path: C:\Final Project\ConsumerMicroservice\ConsumerMicroservice
INFO  12:45:02 Application started. Press Ctrl+C to shut down.
INFO  12:45:02 Hosting environment: Development
INFO  12:45:02 Content root path: C:\Final Project\ConsumerMicroservice\ConsumerMicroservice
INFO  12:45:53 ViewConsumerBusiness Method Called
INFO  12:46:15 ViewConsumerBusiness Method Called
INFO  12:46:55 ViewConsumerProperty Method Called
INFO  12:46:57 ViewConsumerProperty Method Called
INFO  12:47:11 ViewConsumerBusiness Method Called
INFO  12:48:50 ViewConsumerBusiness Method Called
INFO  12:53:15 ViewConsumerBusiness Method Called
INFO  12:58:34 ViewConsumerBusiness Method Called
INFO  01:00:18 ViewConsumerBusiness Method Called
INFO  01:00:20 ViewConsumerBusiness Method Called
INFO  03:35:02 Application started. Press Ctrl+C to shut down.
INFO  03:35:02 Hosting environment: Development
INFO  03:35:02 Content root path: C:\Users\HP\Downloads\consumer-main\consumer-main\Final Project\ConsumerMicroservice\ConsumerMicroservice
INFO  05:27:59 Application started. Press Ctrl+C to shut down.
INFO  05:28:00 Hosting environment: Development
INFO  05:28:00 Content root path: C:\Users\HP\Downloads\consumer-main\consumer-main\Final Project\ConsumerMicroservice\ConsumerMicroservice
INFO  05:42:32 Application started. Press Ctrl+C to shut down.
INFO  05:42:32 Hosting environment: Development
INFO  05:42:32 Content root path: C:\Users\HP\Downloads\consumer-main\consumer-main\Final Project\ConsumerMicroservice\ConsumerMicroservice
INFO  06:04:52 Application started. Press Ctrl+C to shut down.
INFO  06:04:52 Hosting environment: Development
INFO  06:04:52 Content root path: C:\Users\2085266\OneDrive - Cognizant\Desktop\Finalllll\ConsumerMicroservice\ConsumerMicroservice
INFO  06:06:21 CreateConsumerBusiness Method Called
INFO  06:07:00 ViewConsumerBusiness Method Called
INFO  06:07:32 CreateBusinessProperty Method Called
INFO  06:07:46 ViewConsumerProperty Method Called
INFO  06:11:50 ViewConsumerBusiness Method Called
INFO  03:13:21 Application started. Press Ctrl+C to shut down.
INFO  03:13:21 Hosting environment: Development
INFO  03:13:21 Content root path: C:\Users\2085205\OneDrive - Cognizant\Desktop\Insuerity - Copy\ConsumerMicroservice\ConsumerMicroservice
INFO  03:14:28 ViewConsumerBusiness Method Called
INFO  03:14:42 ViewConsumerBusiness Method Called
INFO  03:14:55 ViewConsumerProperty Method Called
INFO  03:15:02 ViewConsumerProperty Method Called
INFO  03:15:29 ViewConsumerBusiness Method Called
INFO  04:08:37 Application started. Press Ctrl+C to shut down.
INFO  04:08:37 Hosting environment: Development
INFO  04:08:37 Content root path: C:\Users\2085205\OneDrive - Cognizant\Desktop\Insuerity - Copy\ConsumerMicroservice\ConsumerMicroservice
INFO  04:08:59 ViewConsumerBusiness Method Called
INFO  04:09:08 ViewConsumerBusiness Method Called
INFO  04:09:26 UpdateConsumerBusiness Method Called
INFO  04:09:35 ViewConsumerProperty Method Called
INFO  04:10:55 Application started. Press Ctrl+C to shut down.
INFO  04:10:55 Hosting environment: Development
INFO  04:10:55 Content root path: C:\Users\2085205\OneDrive - Cognizant\Desktop\Insuerity - Copy\ConsumerMicroservice\ConsumerMicroservice
INFO  04:12:27 Application started. Press Ctrl+C to shut down.
INFO  04:12:27 Hosting environment: Development
INFO  04:12:27 Content root path: C:\Users\2085205\OneDrive - Cognizant\Desktop\Insuerity - Copy\ConsumerMicroservice\ConsumerMicroservice
INFO  02:32:43 Application started. Press Ctrl+C to shut down.
INFO  02:32:43 Hosting environment: Development
INFO  02:32:43 Content root path: C:\Users\2085205\OneDrive - Cognizant\Desktop\Insuerity - Copy\ConsumerMicroservice\ConsumerMicroservice
INFO  02:34:20 Application started. Press Ctrl+C to shut down.
INFO  02:34:20 Hosting environment: Development
INFO  02:34:20 Content root path: C:\Users\2085205\OneDrive - Cognizant\Desktop\Insuerity - Copy\ConsumerMicroservice\ConsumerMicroservice
INFO  10:40:13 Application started. Press Ctrl+C to shut down.
INFO  10:40:13 Hosting environment: Development
INFO  10:40:13 Content root path: C:\Users\2085205\OneDrive - Cognizant\Desktop\Insuerity - Copy\ConsumerMicroservice\ConsumerMicroservice
INFO  12:21:16 Application started. Press Ctrl+C to shut down.
INFO  12:21:16 Hosting environment: Development
INFO  12:21:16 Content root path: C:\Users\2085205\OneDrive - Cognizant\Desktop\Insuerity - Copy\ConsumerMicroservice\ConsumerMicroservice
INFO  12:21:45 ViewConsumerBusiness Method Called
INFO  12:35:19 Application started. Press Ctrl+C to shut down.
INFO  12:35:19 Hosting environment: Development
INFO  12:35:19 Content root path: C:\Users\2085205\OneDrive - Cognizant\Desktop\Insuerity - Copy\ConsumerMicroservice\ConsumerMicroservice
INFO  12:36:00 ViewConsumerProperty Method Called
INFO  12:36:05 ViewConsumerProperty Method Called
INFO  12:36:10 UpdateBusinessProperty Method Called
INFO  02:03:18 Application started. Press Ctrl+C to shut down.
INFO  02:03:18 Hosting environment: Development
INFO  02:03:18 Content root path: C:\Users\2085205\OneDrive - Cognizant\Desktop\Insuerity - Copy\ConsumerMicroservice\ConsumerMicroservice
INFO  04:08:27 Application started. Press Ctrl+C to shut down.
INFO  04:08:27 Hosting environment: Development
INFO  04:08:27 Content root path: C:\Users\2085205\OneDrive - Cognizant\Desktop\Insuerity - Copy\ConsumerMicroservice\ConsumerMicroservice
INFO  06:11:01 Application started. Press Ctrl+C to shut down.
INFO  06:11:01 Hosting environment: Development
INFO  06:11:01 Content root path: C:\Users\2085205\OneDrive - Cognizant\Desktop\Insuerity - Copy\ConsumerMicroservice\ConsumerMicroservice
INFO  06:11:21 ViewConsumerProperty Method Called
ERROR 06:11:31 An unhandled exception has occurred while executing the request.
System.NullReferenceException: Object reference not set to an instance of an object.
   at ConsumerMicroservice.Repository.ConsumerRepository.ViewConsumerProperty(String ConsumerId, String PropertyId) in C:\Users\2085205\OneDrive - Cognizant\Desktop\Insuerity - Copy\ConsumerMicroservice\ConsumerMicroservice\Repository\ConsumerRepository.cs:line 163
   at ConsumerMicroservice.Service.ConsumerService.ViewConsumerProperty(String ConsumerId, String PropertyId) in C:\Users\2085205\OneDrive - Cognizant\Desktop\Insuerity - Copy\ConsumerMicroservice\ConsumerMicroservice\Service\ConsumerService.cs:line 52
   at ConsumerMicroservice.Controllers.ConsumerController.ViewConsumerProperty(String ConsumerId, String PropertyId) in C:\Users\2085205\OneDrive - Cognizant\Desktop\Insuerity - Copy\ConsumerMicroservice\ConsumerMicroservice\Controllers\ConsumerController.cs:line 80
   at lambda_method(Closure , Object , Object[] )
   at Microsoft.Extensions.Internal.ObjectMethodExecutor.Execute(Object target, Object[] parameters)
   at Microsoft.AspNetCore.Mvc.Infrastructure.ActionMethodExecutor.SyncActionResultExecutor.Execute(IActionResultTypeMapper mapper, ObjectMethodExecutor executor, Object controller, Object[] arguments)
   at Microsoft.AspNetCore.Mvc.Infrastructure.ControllerActionInvoker.InvokeActionMethodAsync()
   at Microsoft.AspNetCore.Mvc.Infrastructure.ControllerActionInvoker.Next(State& next, Scope& scope, Object& state, Boolean& isCompleted)
   at Microsoft.AspNetCore.Mvc.Infrastructure.ControllerActionInvoker.InvokeNextActionFilterAsync()
--- End of stack trace from previous location where exception was thrown ---
   at Microsoft.AspNetCore.Mvc.Infrastructure.ControllerActionInvoker.Rethrow(ActionExecutedContextSealed context)
   at Microsoft.AspNetCore.Mvc.Infrastructure.ControllerActionInvoker.Next(State& next, Scope& scope, Object& state, Boolean& isCompleted)
   at Microsoft.AspNetCore.Mvc.Infrastructure.ControllerActionInvoker.InvokeInnerFilterAsync()
--- End of stack trace from previous location where exception was thrown ---
   at Microsoft.AspNetCore.Mvc.Infrastructure.ResourceInvoker.<InvokeFilterPipelineAsync>g__Awaited|19_0(ResourceInvoker invoker, Task lastTask, State next, Scope scope, Object state, Boolean isCompleted)
   at Microsoft.AspNetCore.Mvc.Infrastructure.ResourceInvoker.<InvokeAsync>g__Awaited|17_0(ResourceInvoker invoker, Task task, IDisposable scope)
   at Microsoft.AspNetCore.Routing.EndpointMiddleware.<Invoke>g__AwaitRequestTask|6_0(Endpoint endpoint, Task requestTask, ILogger logger)
   at Microsoft.AspNetCore.Authorization.AuthorizationMiddleware.Invoke(HttpContext context)
   at Swashbuckle.AspNetCore.SwaggerUI.SwaggerUIMiddleware.Invoke(HttpContext httpContext)
   at Swashbuckle.AspNetCore.Swagger.SwaggerMiddleware.Invoke(HttpContext httpContext, ISwaggerProvider swaggerProvider)
   at Microsoft.AspNetCore.Diagnostics.DeveloperExceptionPageMiddleware.Invoke(HttpContext context)
INFO  06:11:31 ViewConsumerProperty Method Called
ERROR 06:11:37 An unhandled exception has occurred while executing the request.
System.NullReferenceException: Object reference not set to an instance of an object.
   at ConsumerMicroservice.Repository.ConsumerRepository.ViewConsumerProperty(String ConsumerId, String PropertyId) in C:\Users\2085205\OneDrive - Cognizant\Desktop\Insuerity - Copy\ConsumerMicroservice\ConsumerMicroservice\Repository\ConsumerRepository.cs:line 163
   at ConsumerMicroservice.Service.ConsumerService.ViewConsumerProperty(String ConsumerId, String PropertyId) in C:\Users\2085205\OneDrive - Cognizant\Desktop\Insuerity - Copy\ConsumerMicroservice\ConsumerMicroservice\Service\ConsumerService.cs:line 52
   at ConsumerMicroservice.Controllers.ConsumerController.ViewConsumerProperty(String ConsumerId, String PropertyId) in C:\Users\2085205\OneDrive - Cognizant\Desktop\Insuerity - Copy\ConsumerMicroservice\ConsumerMicroservice\Controllers\ConsumerController.cs:line 80
   at lambda_method(Closure , Object , Object[] )
   at Microsoft.Extensions.Internal.ObjectMethodExecutor.Execute(Object target, Object[] parameters)
   at Microsoft.AspNetCore.Mvc.Infrastructure.ActionMethodExecutor.SyncActionResultExecutor.Execute(IActionResultTypeMapper mapper, ObjectMethodExecutor executor, Object controller, Object[] arguments)
   at Microsoft.AspNetCore.Mvc.Infrastructure.ControllerActionInvoker.InvokeActionMethodAsync()
   at Microsoft.AspNetCore.Mvc.Infrastructure.ControllerActionInvoker.Next(State& next, Scope& scope, Object& state, Boolean& isCompleted)
   at Microsoft.AspNetCore.Mvc.Infrastructure.ControllerActionInvoker.InvokeNextActionFilterAsync()
--- End of stack trace from previous location where exception was thrown ---
   at Microsoft.AspNetCore.Mvc.Infrastructure.ControllerActionInvoker.Rethrow(ActionExecutedContextSealed context)
   at Microsoft.AspNetCore.Mvc.Infrastructure.ControllerActionInvoker.Next(State& next, Scope& scope, Object& state, Boolean& isCompleted)
   at Microsoft.AspNetCore.Mvc.Infrastructure.ControllerActionInvoker.InvokeInnerFilterAsync()
--- End of stack trace from previous location where exception was thrown ---
   at Microsoft.AspNetCore.Mvc.Infrastructure.ResourceInvoker.<InvokeFilterPipelineAsync>g__Awaited|19_0(ResourceInvoker invoker, Task lastTask, State next, Scope scope, Object state, Boolean isCompleted)
   at Microsoft.AspNetCore.Mvc.Infrastructure.ResourceInvoker.<InvokeAsync>g__Awaited|17_0(ResourceInvoker invoker, Task task, IDisposable scope)
   at Microsoft.AspNetCore.Routing.EndpointMiddleware.<Invoke>g__AwaitRequestTask|6_0(Endpoint endpoint, Task requestTask, ILogger logger)
   at Microsoft.AspNetCore.Authorization.AuthorizationMiddleware.Invoke(HttpContext context)
   at Swashbuckle.AspNetCore.SwaggerUI.SwaggerUIMiddleware.Invoke(HttpContext httpContext)
   at Swashbuckle.AspNetCore.Swagger.SwaggerMiddleware.Invoke(HttpContext httpContext, ISwaggerProvider swaggerProvider)
   at Microsoft.AspNetCore.Diagnostics.DeveloperExceptionPageMiddleware.Invoke(HttpContext context)
INFO  06:11:49 ViewConsumerProperty Method Called
